<?xml version="1.0" encoding="UTF-8"?>
<!-- Generated by org.testng.reporters.JUnitReportReporter -->
<testsuite hostname="WarMachine" failures="0" tests="17" name="testpkg.Testing" time="94.832" errors="0" timestamp="2024-05-30T20:55:48 IST" skipped="0">
  <testcase classname="testpkg.Testing" name="homescrolling" time="15.370"/>
  <testcase classname="testpkg.Testing" name="pfile" time="0.800"/>
  <testcase classname="testpkg.Testing" name="submission" time="6.308"/>
  <testcase classname="testpkg.Testing" name="homepage" time="16.404"/>
  <testcase classname="testpkg.Testing" name="filtering" time="5.756"/>
  <testcase classname="testpkg.Testing" name="scrolling" time="4.591"/>
  <testcase classname="testpkg.Testing" name="addingwishlist" time="4.064"/>
  <testcase classname="testpkg.Testing" name="cart" time="4.325"/>
  <testcase classname="testpkg.Testing" name="cartbtn" time="5.146"/>
  <testcase classname="testpkg.Testing" name="bagbtn" time="2.675"/>
  <testcase classname="testpkg.Testing" name="cout" time="6.947"/>
  <testcase classname="testpkg.Testing" name="clearingcart" time="2.760"/>
  <testcase classname="testpkg.Testing" name="lastprocess" time="11.891"/>
  <testcase classname="testpkg.Testing" name="screensht" time="4.539"/>
  <testcase classname="testpkg.Testing" name="logocheck" time="0.157"/>
  <testcase classname="testpkg.Testing" name="artsilk" time="0.140"/>
  <testcase classname="testpkg.Testing" name="exit" time="2.959"/>
</testsuite> <!-- testpkg.Testing -->
